<?xml version="1.0" encoding="UTF-8"?>
<testsuite name="org.test.bookpub.BookPubApplicationTests" tests="1" skipped="0" failures="0" errors="0" timestamp="2016-10-03T22:30:33" hostname="LT16-014" time="0.013">
  <properties/>
  <testcase name="contextLoads" classname="org.test.bookpub.BookPubApplicationTests" time="0.013"/>
  <system-out><![CDATA[23:30:30.181 [Test worker] DEBUG org.springframework.test.context.junit4.SpringJUnit4ClassRunner - SpringJUnit4ClassRunner constructor called with [class org.test.bookpub.BookPubApplicationTests]
23:30:30.185 [Test worker] DEBUG org.springframework.test.context.BootstrapUtils - Instantiating CacheAwareContextLoaderDelegate from class [org.springframework.test.context.cache.DefaultCacheAwareContextLoaderDelegate]
23:30:30.193 [Test worker] DEBUG org.springframework.test.context.BootstrapUtils - Instantiating BootstrapContext using constructor [public org.springframework.test.context.support.DefaultBootstrapContext(java.lang.Class,org.springframework.test.context.CacheAwareContextLoaderDelegate)]
23:30:30.208 [Test worker] DEBUG org.springframework.test.context.BootstrapUtils - Instantiating TestContextBootstrapper for test class [org.test.bookpub.BookPubApplicationTests] from class [org.springframework.boot.test.context.SpringBootTestContextBootstrapper]
23:30:30.217 [Test worker] INFO org.springframework.boot.test.context.SpringBootTestContextBootstrapper - Neither @ContextConfiguration nor @ContextHierarchy found for test class [org.test.bookpub.BookPubApplicationTests], using SpringBootContextLoader
23:30:30.220 [Test worker] DEBUG org.springframework.test.context.support.AbstractContextLoader - Did not detect default resource location for test class [org.test.bookpub.BookPubApplicationTests]: class path resource [org/test/bookpub/BookPubApplicationTests-context.xml] does not exist
23:30:30.221 [Test worker] DEBUG org.springframework.test.context.support.AbstractContextLoader - Did not detect default resource location for test class [org.test.bookpub.BookPubApplicationTests]: class path resource [org/test/bookpub/BookPubApplicationTestsContext.groovy] does not exist
23:30:30.221 [Test worker] INFO org.springframework.test.context.support.AbstractContextLoader - Could not detect default resource locations for test class [org.test.bookpub.BookPubApplicationTests]: no resource found for suffixes {-context.xml, Context.groovy}.
23:30:30.222 [Test worker] INFO org.springframework.test.context.support.AnnotationConfigContextLoaderUtils - Could not detect default configuration classes for test class [org.test.bookpub.BookPubApplicationTests]: BookPubApplicationTests does not declare any static, non-private, non-final, nested classes annotated with @Configuration.
23:30:30.249 [Test worker] DEBUG org.springframework.test.context.support.ActiveProfilesUtils - Could not find an 'annotation declaring class' for annotation type [org.springframework.test.context.ActiveProfiles] and class [org.test.bookpub.BookPubApplicationTests]
23:30:30.286 [Test worker] DEBUG org.springframework.core.env.StandardEnvironment - Adding [systemProperties] PropertySource with lowest search precedence
23:30:30.287 [Test worker] DEBUG org.springframework.core.env.StandardEnvironment - Adding [systemEnvironment] PropertySource with lowest search precedence
23:30:30.287 [Test worker] DEBUG org.springframework.core.env.StandardEnvironment - Initialized StandardEnvironment with PropertySources [systemProperties,systemEnvironment]
23:30:30.296 [Test worker] DEBUG org.springframework.core.io.support.PathMatchingResourcePatternResolver - Resolved classpath location [org/test/bookpub/] to resources [URL [file:/C:/installations/workspace/bookpub/build/classes/test/org/test/bookpub/], URL [file:/C:/installations/workspace/bookpub/build/classes/main/org/test/bookpub/]]
23:30:30.296 [Test worker] DEBUG org.springframework.core.io.support.PathMatchingResourcePatternResolver - Looking for matching resources in directory tree [C:\installations\workspace\bookpub\build\classes\test\org\test\bookpub]
23:30:30.296 [Test worker] DEBUG org.springframework.core.io.support.PathMatchingResourcePatternResolver - Searching directory [C:\installations\workspace\bookpub\build\classes\test\org\test\bookpub] for files matching pattern [C:/installations/workspace/bookpub/build/classes/test/org/test/bookpub/*.class]
23:30:30.299 [Test worker] DEBUG org.springframework.core.io.support.PathMatchingResourcePatternResolver - Looking for matching resources in directory tree [C:\installations\workspace\bookpub\build\classes\main\org\test\bookpub]
23:30:30.299 [Test worker] DEBUG org.springframework.core.io.support.PathMatchingResourcePatternResolver - Searching directory [C:\installations\workspace\bookpub\build\classes\main\org\test\bookpub] for files matching pattern [C:/installations/workspace/bookpub/build/classes/main/org/test/bookpub/*.class]
23:30:30.300 [Test worker] DEBUG org.springframework.core.io.support.PathMatchingResourcePatternResolver - Resolved location pattern [classpath*:org/test/bookpub/*.class] to resources [file [C:\installations\workspace\bookpub\build\classes\test\org\test\bookpub\BookPubApplicationTests.class], file [C:\installations\workspace\bookpub\build\classes\main\org\test\bookpub\BookPubApplication.class]]
23:30:30.332 [Test worker] DEBUG org.springframework.context.annotation.ClassPathScanningCandidateComponentProvider - Identified candidate component class: file [C:\installations\workspace\bookpub\build\classes\main\org\test\bookpub\BookPubApplication.class]
23:30:30.333 [Test worker] INFO org.springframework.boot.test.context.SpringBootTestContextBootstrapper - Found @SpringBootConfiguration org.test.bookpub.BookPubApplication for test class org.test.bookpub.BookPubApplicationTests
23:30:30.336 [Test worker] DEBUG org.springframework.boot.test.context.SpringBootTestContextBootstrapper - @TestExecutionListeners is not present for class [org.test.bookpub.BookPubApplicationTests]: using defaults.
23:30:30.340 [Test worker] INFO org.springframework.boot.test.context.SpringBootTestContextBootstrapper - Loaded default TestExecutionListener class names from location [META-INF/spring.factories]: [org.springframework.boot.test.mock.mockito.MockitoTestExecutionListener, org.springframework.boot.test.mock.mockito.ResetMocksTestExecutionListener, org.springframework.boot.test.autoconfigure.AutoConfigureReportTestExecutionListener, org.springframework.boot.test.autoconfigure.restdocs.RestDocsTestExecutionListener, org.springframework.boot.test.autoconfigure.web.client.MockRestServiceServerResetTestExecutionListener, org.springframework.test.context.web.ServletTestExecutionListener, org.springframework.test.context.support.DirtiesContextBeforeModesTestExecutionListener, org.springframework.test.context.support.DependencyInjectionTestExecutionListener, org.springframework.test.context.support.DirtiesContextTestExecutionListener, org.springframework.test.context.transaction.TransactionalTestExecutionListener, org.springframework.test.context.jdbc.SqlScriptsTestExecutionListener]
23:30:30.353 [Test worker] INFO org.springframework.boot.test.context.SpringBootTestContextBootstrapper - Using TestExecutionListeners: [org.springframework.test.context.web.ServletTestExecutionListener@7e0cdbd7, org.springframework.test.context.support.DirtiesContextBeforeModesTestExecutionListener@543590f7, org.springframework.boot.test.autoconfigure.AutoConfigureReportTestExecutionListener@5f2451bc, org.springframework.test.context.support.DependencyInjectionTestExecutionListener@6ebbc5b3, org.springframework.test.context.support.DirtiesContextTestExecutionListener@767179d0, org.springframework.test.context.transaction.TransactionalTestExecutionListener@e3bedc1, org.springframework.test.context.jdbc.SqlScriptsTestExecutionListener@73efe40b, org.springframework.boot.test.autoconfigure.web.client.MockRestServiceServerResetTestExecutionListener@43c93198, org.springframework.boot.test.mock.mockito.MockitoTestExecutionListener@3e8b7fc8, org.springframework.boot.test.mock.mockito.ResetMocksTestExecutionListener@6f8fd83d, org.springframework.boot.test.autoconfigure.restdocs.RestDocsTestExecutionListener@63ccb67b]
23:30:30.356 [Test worker] DEBUG org.springframework.test.annotation.ProfileValueUtils - Retrieved @ProfileValueSourceConfiguration [null] for test class [org.test.bookpub.BookPubApplicationTests]
23:30:30.356 [Test worker] DEBUG org.springframework.test.annotation.ProfileValueUtils - Retrieved ProfileValueSource type [class org.springframework.test.annotation.SystemProfileValueSource] for class [org.test.bookpub.BookPubApplicationTests]
23:30:30.357 [Test worker] DEBUG org.springframework.test.annotation.ProfileValueUtils - Retrieved @ProfileValueSourceConfiguration [null] for test class [org.test.bookpub.BookPubApplicationTests]
23:30:30.357 [Test worker] DEBUG org.springframework.test.annotation.ProfileValueUtils - Retrieved ProfileValueSource type [class org.springframework.test.annotation.SystemProfileValueSource] for class [org.test.bookpub.BookPubApplicationTests]
23:30:30.361 [Test worker] DEBUG org.springframework.test.context.support.AbstractDirtiesContextTestExecutionListener - Before test class: context [DefaultTestContext@91cb790 testClass = BookPubApplicationTests, testInstance = [null], testMethod = [null], testException = [null], mergedContextConfiguration = [WebMergedContextConfiguration@1e0655e testClass = BookPubApplicationTests, locations = '{}', classes = '{class org.test.bookpub.BookPubApplication}', contextInitializerClasses = '[]', activeProfiles = '{}', propertySourceLocations = '{}', propertySourceProperties = '{org.springframework.boot.test.context.SpringBootTestContextBootstrapper=true}', contextCustomizers = set[org.springframework.boot.test.context.SpringBootTestContextCustomizer@628108e0, org.springframework.boot.test.context.filter.ExcludeFilterContextCustomizer@4ace134c, org.springframework.boot.test.mock.mockito.MockitoContextCustomizer@0, org.springframework.boot.test.autoconfigure.properties.PropertyMappingContextCustomizer@0], resourceBasePath = 'src/main/webapp', contextLoader = 'org.springframework.boot.test.context.SpringBootContextLoader', parent = [null]]], class annotated with @DirtiesContext [false] with mode [null].
23:30:30.361 [Test worker] DEBUG org.springframework.test.annotation.ProfileValueUtils - Retrieved @ProfileValueSourceConfiguration [null] for test class [org.test.bookpub.BookPubApplicationTests]
23:30:30.362 [Test worker] DEBUG org.springframework.test.annotation.ProfileValueUtils - Retrieved ProfileValueSource type [class org.springframework.test.annotation.SystemProfileValueSource] for class [org.test.bookpub.BookPubApplicationTests]
23:30:30.386 [Test worker] DEBUG org.springframework.core.env.StandardEnvironment - Adding [systemProperties] PropertySource with lowest search precedence
23:30:30.386 [Test worker] DEBUG org.springframework.core.env.StandardEnvironment - Adding [systemEnvironment] PropertySource with lowest search precedence
23:30:30.386 [Test worker] DEBUG org.springframework.core.env.StandardEnvironment - Initialized StandardEnvironment with PropertySources [systemProperties,systemEnvironment]
23:30:30.387 [Test worker] DEBUG org.springframework.test.context.support.TestPropertySourceUtils - Adding inlined properties to environment: {spring.jmx.enabled=false, org.springframework.boot.test.context.SpringBootTestContextBootstrapper=true, server.port=-1}
23:30:30.387 [Test worker] DEBUG org.springframework.core.env.StandardEnvironment - Adding [Inlined Test Properties] PropertySource with highest search precedence

  .   ____          _            __ _ _
 /\\ / ___'_ __ _ _(_)_ __  __ _ \ \ \ \
( ( )\___ | '_ | '_| | '_ \/ _` | \ \ \ \
 \\/  ___)| |_)| | | | | || (_| |  ) ) ) )
  '  |____| .__|_| |_|_| |_\__, | / / / /
 =========|_|==============|___/=/_/_/_/
 :: Spring Boot ::        (v1.4.0.RELEASE)

2016-10-03 23:30:30.694  INFO 12688 --- [    Test worker] o.test.bookpub.BookPubApplicationTests   : Starting BookPubApplicationTests on LT16-014 with PID 12688 (started by BabuD in C:\installations\workspace\bookpub)
2016-10-03 23:30:30.695  INFO 12688 --- [    Test worker] o.test.bookpub.BookPubApplicationTests   : No active profile set, falling back to default profiles: default
2016-10-03 23:30:30.727  INFO 12688 --- [    Test worker] o.s.w.c.s.GenericWebApplicationContext   : Refreshing org.springframework.web.context.support.GenericWebApplicationContext@12ed3e00: startup date [Mon Oct 03 23:30:30 BST 2016]; root of context hierarchy
2016-10-03 23:30:31.918  INFO 12688 --- [    Test worker] trationDelegate$BeanPostProcessorChecker : Bean 'org.springframework.transaction.annotation.ProxyTransactionManagementConfiguration' of type [class org.springframework.transaction.annotation.ProxyTransactionManagementConfiguration$$EnhancerBySpringCGLIB$$f633472a] is not eligible for getting processed by all BeanPostProcessors (for example: not eligible for auto-proxying)
2016-10-03 23:30:32.382  INFO 12688 --- [    Test worker] j.LocalContainerEntityManagerFactoryBean : Building JPA container EntityManagerFactory for persistence unit 'default'
2016-10-03 23:30:32.400  INFO 12688 --- [    Test worker] o.hibernate.jpa.internal.util.LogHelper  : HHH000204: Processing PersistenceUnitInfo [
	name: default
	...]
2016-10-03 23:30:32.467  INFO 12688 --- [    Test worker] org.hibernate.Version                    : HHH000412: Hibernate Core {5.0.9.Final}
2016-10-03 23:30:32.468  INFO 12688 --- [    Test worker] org.hibernate.cfg.Environment            : HHH000206: hibernate.properties not found
2016-10-03 23:30:32.469  INFO 12688 --- [    Test worker] org.hibernate.cfg.Environment            : HHH000021: Bytecode provider name : javassist
2016-10-03 23:30:32.505  INFO 12688 --- [    Test worker] o.hibernate.annotations.common.Version   : HCANN000001: Hibernate Commons Annotations {5.0.1.Final}
2016-10-03 23:30:32.605  INFO 12688 --- [    Test worker] org.hibernate.dialect.Dialect            : HHH000400: Using dialect: org.hibernate.dialect.H2Dialect
2016-10-03 23:30:32.894  INFO 12688 --- [    Test worker] org.hibernate.tool.hbm2ddl.SchemaExport  : HHH000227: Running hbm2ddl schema export
2016-10-03 23:30:32.896  INFO 12688 --- [    Test worker] org.hibernate.tool.hbm2ddl.SchemaExport  : HHH000230: Schema export complete
2016-10-03 23:30:32.918  INFO 12688 --- [    Test worker] j.LocalContainerEntityManagerFactoryBean : Initialized JPA EntityManagerFactory for persistence unit 'default'
2016-10-03 23:30:33.360  INFO 12688 --- [    Test worker] s.w.s.m.m.a.RequestMappingHandlerAdapter : Looking for @ControllerAdvice: org.springframework.web.context.support.GenericWebApplicationContext@12ed3e00: startup date [Mon Oct 03 23:30:30 BST 2016]; root of context hierarchy
2016-10-03 23:30:33.426  INFO 12688 --- [    Test worker] s.w.s.m.m.a.RequestMappingHandlerMapping : Mapped "{[/rooms/{roomId}],methods=[GET],produces=[application/json]}" onto public org.test.bookpub.envelope.Envelope<org.test.bookpub.model.Room> org.test.bookpub.controller.RoomsResource.getRoom(int)
2016-10-03 23:30:33.427  INFO 12688 --- [    Test worker] s.w.s.m.m.a.RequestMappingHandlerMapping : Mapped "{[/rooms],methods=[POST],consumes=[application/x-www-form-urlencoded || application/json],produces=[text/plain]}" onto public void org.test.bookpub.controller.RoomsResource.createRoom(org.test.bookpub.model.Room)
2016-10-03 23:30:33.427  INFO 12688 --- [    Test worker] s.w.s.m.m.a.RequestMappingHandlerMapping : Mapped "{[/rooms/{roomId}],methods=[PUT],consumes=[application/json],produces=[application/json]}" onto public org.test.bookpub.model.Room org.test.bookpub.controller.RoomsResource.updateRoom(org.test.bookpub.model.Room,int)
2016-10-03 23:30:33.427  INFO 12688 --- [    Test worker] s.w.s.m.m.a.RequestMappingHandlerMapping : Mapped "{[/rooms/{roomId}],methods=[DELETE]}" onto public void org.test.bookpub.controller.RoomsResource.deleteRoom(int)
2016-10-03 23:30:33.429  INFO 12688 --- [    Test worker] s.w.s.m.m.a.RequestMappingHandlerMapping : Mapped "{[/error]}" onto public org.springframework.http.ResponseEntity<java.util.Map<java.lang.String, java.lang.Object>> org.springframework.boot.autoconfigure.web.BasicErrorController.error(javax.servlet.http.HttpServletRequest)
2016-10-03 23:30:33.429  INFO 12688 --- [    Test worker] s.w.s.m.m.a.RequestMappingHandlerMapping : Mapped "{[/error],produces=[text/html]}" onto public org.springframework.web.servlet.ModelAndView org.springframework.boot.autoconfigure.web.BasicErrorController.errorHtml(javax.servlet.http.HttpServletRequest,javax.servlet.http.HttpServletResponse)
2016-10-03 23:30:33.463  INFO 12688 --- [    Test worker] o.s.w.s.handler.SimpleUrlHandlerMapping  : Mapped URL path [/webjars/**] onto handler of type [class org.springframework.web.servlet.resource.ResourceHttpRequestHandler]
2016-10-03 23:30:33.463  INFO 12688 --- [    Test worker] o.s.w.s.handler.SimpleUrlHandlerMapping  : Mapped URL path [/**] onto handler of type [class org.springframework.web.servlet.resource.ResourceHttpRequestHandler]
2016-10-03 23:30:33.505  INFO 12688 --- [    Test worker] o.s.w.s.handler.SimpleUrlHandlerMapping  : Mapped URL path [/**/favicon.ico] onto handler of type [class org.springframework.web.servlet.resource.ResourceHttpRequestHandler]
2016-10-03 23:30:33.752  INFO 12688 --- [    Test worker] o.test.bookpub.BookPubApplicationTests   : Started BookPubApplicationTests in 3.356 seconds (JVM running for 4.098)
]]></system-out>
  <system-err><![CDATA[]]></system-err>
</testsuite>
